current directory: /Users/ricardoialcala/Documents/Documents-ehecatl/git_db/ralcala.github.io/path/ruby/2.7.0/gems/unicode-0.4.4.4/ext/unicode
/usr/local/opt/ruby/bin/ruby -I /usr/local/lib/ruby/site_ruby/2.7.0 -r ./siteconf20201201-2244-kns30.rb extconf.rb
creating Makefile

current directory: /Users/ricardoialcala/Documents/Documents-ehecatl/git_db/ralcala.github.io/path/ruby/2.7.0/gems/unicode-0.4.4.4/ext/unicode
make "DESTDIR=" clean

current directory: /Users/ricardoialcala/Documents/Documents-ehecatl/git_db/ralcala.github.io/path/ruby/2.7.0/gems/unicode-0.4.4.4/ext/unicode
make "DESTDIR="
compiling unicode.c
unicode.c:646:50: warning: implicit conversion loses integer precision: 'long' to 'int' [-Wshorten-64-to-32]
  WStr_allocWithUTF8L(&wstr1, RSTRING_PTR(str1), RSTRING_LEN(str1));
  ~~~~~~~~~~~~~~~~~~~                            ^~~~~~~~~~~~~~~~~
/usr/local/Cellar/ruby/2.7.2/include/ruby-2.7.0/ruby/ruby.h:1007:6: note: expanded from macro 'RSTRING_LEN'
     RSTRING_EMBED_LEN(str) : \
     ^~~~~~~~~~~~~~~~~~~~~~
/usr/local/Cellar/ruby/2.7.2/include/ruby-2.7.0/ruby/ruby.h:1003:6: note: expanded from macro 'RSTRING_EMBED_LEN'
     (long)((RBASIC(str)->flags >> RSTRING_EMBED_LEN_SHIFT) & \
     ^~~~~~~~~~~~~~~~~~~~~~~~~~~~~~~~~~~~~~~~~~~~~~~~~~~~~~~~~~
unicode.c:646:50: warning: implicit conversion loses integer precision: 'long' to 'int' [-Wshorten-64-to-32]
  WStr_allocWithUTF8L(&wstr1, RSTRING_PTR(str1), RSTRING_LEN(str1));
  ~~~~~~~~~~~~~~~~~~~                            ^~~~~~~~~~~~~~~~~
/usr/local/Cellar/ruby/2.7.2/include/ruby-2.7.0/ruby/ruby.h:1008:28: note: expanded from macro 'RSTRING_LEN'
     RSTRING(str)->as.heap.len)
     ~~~~~~~~~~~~~~~~~~~~~~^~~
unicode.c:647:50: warning: implicit conversion loses integer precision: 'long' to 'int' [-Wshorten-64-to-32]
  WStr_allocWithUTF8L(&wstr2, RSTRING_PTR(str2), RSTRING_LEN(str2));
  ~~~~~~~~~~~~~~~~~~~                            ^~~~~~~~~~~~~~~~~
/usr/local/Cellar/ruby/2.7.2/include/ruby-2.7.0/ruby/ruby.h:1007:6: note: expanded from macro 'RSTRING_LEN'
     RSTRING_EMBED_LEN(str) : \
     ^~~~~~~~~~~~~~~~~~~~~~
/usr/local/Cellar/ruby/2.7.2/include/ruby-2.7.0/ruby/ruby.h:1003:6: note: expanded from macro 'RSTRING_EMBED_LEN'
     (long)((RBASIC(str)->flags >> RSTRING_EMBED_LEN_SHIFT) & \
     ^~~~~~~~~~~~~~~~~~~~~~~~~~~~~~~~~~~~~~~~~~~~~~~~~~~~~~~~~~
unicode.c:647:50: warning: implicit conversion loses integer precision: 'long' to 'int' [-Wshorten-64-to-32]
  WStr_allocWithUTF8L(&wstr2, RSTRING_PTR(str2), RSTRING_LEN(str2));
  ~~~~~~~~~~~~~~~~~~~                            ^~~~~~~~~~~~~~~~~
/usr/local/Cellar/ruby/2.7.2/include/ruby-2.7.0/ruby/ruby.h:1008:28: note: expanded from macro 'RSTRING_LEN'
     RSTRING(str)->as.heap.len)
     ~~~~~~~~~~~~~~~~~~~~~~^~~
unicode.c:688:50: warning: implicit conversion loses integer precision: 'long' to 'int' [-Wshorten-64-to-32]
  WStr_allocWithUTF8L(&wstr1, RSTRING_PTR(str1), RSTRING_LEN(str1));
  ~~~~~~~~~~~~~~~~~~~                            ^~~~~~~~~~~~~~~~~
/usr/local/Cellar/ruby/2.7.2/include/ruby-2.7.0/ruby/ruby.h:1007:6: note: expanded from macro 'RSTRING_LEN'
     RSTRING_EMBED_LEN(str) : \
     ^~~~~~~~~~~~~~~~~~~~~~
/usr/local/Cellar/ruby/2.7.2/include/ruby-2.7.0/ruby/ruby.h:1003:6: note: expanded from macro 'RSTRING_EMBED_LEN'
     (long)((RBASIC(str)->flags >> RSTRING_EMBED_LEN_SHIFT) & \
     ^~~~~~~~~~~~~~~~~~~~~~~~~~~~~~~~~~~~~~~~~~~~~~~~~~~~~~~~~~
unicode.c:688:50: warning: implicit conversion loses integer precision: 'long' to 'int' [-Wshorten-64-to-32]
  WStr_allocWithUTF8L(&wstr1, RSTRING_PTR(str1), RSTRING_LEN(str1));
  ~~~~~~~~~~~~~~~~~~~                            ^~~~~~~~~~~~~~~~~
/usr/local/Cellar/ruby/2.7.2/include/ruby-2.7.0/ruby/ruby.h:1008:28: note: expanded from macro 'RSTRING_LEN'
     RSTRING(str)->as.heap.len)
     ~~~~~~~~~~~~~~~~~~~~~~^~~
unicode.c:689:50: warning: implicit conversion loses integer precision: 'long' to 'int' [-Wshorten-64-to-32]
  WStr_allocWithUTF8L(&wstr2, RSTRING_PTR(str2), RSTRING_LEN(str2));
  ~~~~~~~~~~~~~~~~~~~                            ^~~~~~~~~~~~~~~~~
/usr/local/Cellar/ruby/2.7.2/include/ruby-2.7.0/ruby/ruby.h:1007:6: note: expanded from macro 'RSTRING_LEN'
     RSTRING_EMBED_LEN(str) : \
     ^~~~~~~~~~~~~~~~~~~~~~
/usr/local/Cellar/ruby/2.7.2/include/ruby-2.7.0/ruby/ruby.h:1003:6: note: expanded from macro 'RSTRING_EMBED_LEN'
     (long)((RBASIC(str)->flags >> RSTRING_EMBED_LEN_SHIFT) & \
     ^~~~~~~~~~~~~~~~~~~~~~~~~~~~~~~~~~~~~~~~~~~~~~~~~~~~~~~~~~
unicode.c:689:50: warning: implicit conversion loses integer precision: 'long' to 'int' [-Wshorten-64-to-32]
  WStr_allocWithUTF8L(&wstr2, RSTRING_PTR(str2), RSTRING_LEN(str2));
  ~~~~~~~~~~~~~~~~~~~                            ^~~~~~~~~~~~~~~~~
/usr/local/Cellar/ruby/2.7.2/include/ruby-2.7.0/ruby/ruby.h:1008:28: note: expanded from macro 'RSTRING_LEN'
     RSTRING(str)->as.heap.len)
     ~~~~~~~~~~~~~~~~~~~~~~^~~
unicode.c:725:48: warning: implicit conversion loses integer precision: 'long' to 'int' [-Wshorten-64-to-32]
  WStr_allocWithUTF8L(&ustr, RSTRING_PTR(str), RSTRING_LEN(str));
  ~~~~~~~~~~~~~~~~~~~                          ^~~~~~~~~~~~~~~~
/usr/local/Cellar/ruby/2.7.2/include/ruby-2.7.0/ruby/ruby.h:1007:6: note: expanded from macro 'RSTRING_LEN'
     RSTRING_EMBED_LEN(str) : \
     ^~~~~~~~~~~~~~~~~~~~~~
/usr/local/Cellar/ruby/2.7.2/include/ruby-2.7.0/ruby/ruby.h:1003:6: note: expanded from macro 'RSTRING_EMBED_LEN'
     (long)((RBASIC(str)->flags >> RSTRING_EMBED_LEN_SHIFT) & \
     ^~~~~~~~~~~~~~~~~~~~~~~~~~~~~~~~~~~~~~~~~~~~~~~~~~~~~~~~~~
unicode.c:725:48: warning: implicit conversion loses integer precision: 'long' to 'int' [-Wshorten-64-to-32]
  WStr_allocWithUTF8L(&ustr, RSTRING_PTR(str), RSTRING_LEN(str));
  ~~~~~~~~~~~~~~~~~~~                          ^~~~~~~~~~~~~~~~
/usr/local/Cellar/ruby/2.7.2/include/ruby-2.7.0/ruby/ruby.h:1008:28: note: expanded from macro 'RSTRING_LEN'
     RSTRING(str)->as.heap.len)
     ~~~~~~~~~~~~~~~~~~~~~~^~~
unicode.c:751:48: warning: implicit conversion loses integer precision: 'long' to 'int' [-Wshorten-64-to-32]
  WStr_allocWithUTF8L(&ustr, RSTRING_PTR(str), RSTRING_LEN(str));
  ~~~~~~~~~~~~~~~~~~~                          ^~~~~~~~~~~~~~~~
/usr/local/Cellar/ruby/2.7.2/include/ruby-2.7.0/ruby/ruby.h:1007:6: note: expanded from macro 'RSTRING_LEN'
     RSTRING_EMBED_LEN(str) : \
     ^~~~~~~~~~~~~~~~~~~~~~
/usr/local/Cellar/ruby/2.7.2/include/ruby-2.7.0/ruby/ruby.h:1003:6: note: expanded from macro 'RSTRING_EMBED_LEN'
     (long)((RBASIC(str)->flags >> RSTRING_EMBED_LEN_SHIFT) & \
     ^~~~~~~~~~~~~~~~~~~~~~~~~~~~~~~~~~~~~~~~~~~~~~~~~~~~~~~~~~
unicode.c:751:48: warning: implicit conversion loses integer precision: 'long' to 'int' [-Wshorten-64-to-32]
  WStr_allocWithUTF8L(&ustr, RSTRING_PTR(str), RSTRING_LEN(str));
  ~~~~~~~~~~~~~~~~~~~                          ^~~~~~~~~~~~~~~~
/usr/local/Cellar/ruby/2.7.2/include/ruby-2.7.0/ruby/ruby.h:1008:28: note: expanded from macro 'RSTRING_LEN'
     RSTRING(str)->as.heap.len)
     ~~~~~~~~~~~~~~~~~~~~~~^~~
unicode.c:777:48: warning: implicit conversion loses integer precision: 'long' to 'int' [-Wshorten-64-to-32]
  WStr_allocWithUTF8L(&ustr, RSTRING_PTR(str), RSTRING_LEN(str));
  ~~~~~~~~~~~~~~~~~~~                          ^~~~~~~~~~~~~~~~
/usr/local/Cellar/ruby/2.7.2/include/ruby-2.7.0/ruby/ruby.h:1007:6: note: expanded from macro 'RSTRING_LEN'
     RSTRING_EMBED_LEN(str) : \
     ^~~~~~~~~~~~~~~~~~~~~~
/usr/local/Cellar/ruby/2.7.2/include/ruby-2.7.0/ruby/ruby.h:1003:6: note: expanded from macro 'RSTRING_EMBED_LEN'
     (long)((RBASIC(str)->flags >> RSTRING_EMBED_LEN_SHIFT) & \
     ^~~~~~~~~~~~~~~~~~~~~~~~~~~~~~~~~~~~~~~~~~~~~~~~~~~~~~~~~~
unicode.c:777:48: warning: implicit conversion loses integer precision: 'long' to 'int' [-Wshorten-64-to-32]
  WStr_allocWithUTF8L(&ustr, RSTRING_PTR(str), RSTRING_LEN(str));
  ~~~~~~~~~~~~~~~~~~~                          ^~~~~~~~~~~~~~~~
/usr/local/Cellar/ruby/2.7.2/include/ruby-2.7.0/ruby/ruby.h:1008:28: note: expanded from macro 'RSTRING_LEN'
     RSTRING(str)->as.heap.len)
     ~~~~~~~~~~~~~~~~~~~~~~^~~
unicode.c:803:48: warning: implicit conversion loses integer precision: 'long' to 'int' [-Wshorten-64-to-32]
  WStr_allocWithUTF8L(&ustr, RSTRING_PTR(str), RSTRING_LEN(str));
  ~~~~~~~~~~~~~~~~~~~                          ^~~~~~~~~~~~~~~~
/usr/local/Cellar/ruby/2.7.2/include/ruby-2.7.0/ruby/ruby.h:1007:6: note: expanded from macro 'RSTRING_LEN'
     RSTRING_EMBED_LEN(str) : \
     ^~~~~~~~~~~~~~~~~~~~~~
/usr/local/Cellar/ruby/2.7.2/include/ruby-2.7.0/ruby/ruby.h:1003:6: note: expanded from macro 'RSTRING_EMBED_LEN'
     (long)((RBASIC(str)->flags >> RSTRING_EMBED_LEN_SHIFT) & \
     ^~~~~~~~~~~~~~~~~~~~~~~~~~~~~~~~~~~~~~~~~~~~~~~~~~~~~~~~~~
unicode.c:803:48: warning: implicit conversion loses integer precision: 'long' to 'int' [-Wshorten-64-to-32]
  WStr_allocWithUTF8L(&ustr, RSTRING_PTR(str), RSTRING_LEN(str));
  ~~~~~~~~~~~~~~~~~~~                          ^~~~~~~~~~~~~~~~
/usr/local/Cellar/ruby/2.7.2/include/ruby-2.7.0/ruby/ruby.h:1008:28: note: expanded from macro 'RSTRING_LEN'
     RSTRING(str)->as.heap.len)
     ~~~~~~~~~~~~~~~~~~~~~~^~~
unicode.c:830:49: warning: implicit conversion loses integer precision: 'long' to 'int' [-Wshorten-64-to-32]
  WStr_allocWithUTF8L(&ustr1, RSTRING_PTR(str), RSTRING_LEN(str));
  ~~~~~~~~~~~~~~~~~~~                           ^~~~~~~~~~~~~~~~
/usr/local/Cellar/ruby/2.7.2/include/ruby-2.7.0/ruby/ruby.h:1007:6: note: expanded from macro 'RSTRING_LEN'
     RSTRING_EMBED_LEN(str) : \
     ^~~~~~~~~~~~~~~~~~~~~~
/usr/local/Cellar/ruby/2.7.2/include/ruby-2.7.0/ruby/ruby.h:1003:6: note: expanded from macro 'RSTRING_EMBED_LEN'
     (long)((RBASIC(str)->flags >> RSTRING_EMBED_LEN_SHIFT) & \
     ^~~~~~~~~~~~~~~~~~~~~~~~~~~~~~~~~~~~~~~~~~~~~~~~~~~~~~~~~~
unicode.c:830:49: warning: implicit conversion loses integer precision: 'long' to 'int' [-Wshorten-64-to-32]
  WStr_allocWithUTF8L(&ustr1, RSTRING_PTR(str), RSTRING_LEN(str));
  ~~~~~~~~~~~~~~~~~~~                           ^~~~~~~~~~~~~~~~
/usr/local/Cellar/ruby/2.7.2/include/ruby-2.7.0/ruby/ruby.h:1008:28: note: expanded from macro 'RSTRING_LEN'
     RSTRING(str)->as.heap.len)
     ~~~~~~~~~~~~~~~~~~~~~~^~~
unicode.c:860:49: warning: implicit conversion loses integer precision: 'long' to 'int' [-Wshorten-64-to-32]
  WStr_allocWithUTF8L(&ustr1, RSTRING_PTR(str), RSTRING_LEN(str));
  ~~~~~~~~~~~~~~~~~~~                           ^~~~~~~~~~~~~~~~
/usr/local/Cellar/ruby/2.7.2/include/ruby-2.7.0/ruby/ruby.h:1007:6: note: expanded from macro 'RSTRING_LEN'
     RSTRING_EMBED_LEN(str) : \
     ^~~~~~~~~~~~~~~~~~~~~~
/usr/local/Cellar/ruby/2.7.2/include/ruby-2.7.0/ruby/ruby.h:1003:6: note: expanded from macro 'RSTRING_EMBED_LEN'
     (long)((RBASIC(str)->flags >> RSTRING_EMBED_LEN_SHIFT) & \
     ^~~~~~~~~~~~~~~~~~~~~~~~~~~~~~~~~~~~~~~~~~~~~~~~~~~~~~~~~~
unicode.c:860:49: warning: implicit conversion loses integer precision: 'long' to 'int' [-Wshorten-64-to-32]
  WStr_allocWithUTF8L(&ustr1, RSTRING_PTR(str), RSTRING_LEN(str));
  ~~~~~~~~~~~~~~~~~~~                           ^~~~~~~~~~~~~~~~
/usr/local/Cellar/ruby/2.7.2/include/ruby-2.7.0/ruby/ruby.h:1008:28: note: expanded from macro 'RSTRING_LEN'
     RSTRING(str)->as.heap.len)
     ~~~~~~~~~~~~~~~~~~~~~~^~~
unicode.c:890:49: warning: implicit conversion loses integer precision: 'long' to 'int' [-Wshorten-64-to-32]
  WStr_allocWithUTF8L(&ustr1, RSTRING_PTR(str), RSTRING_LEN(str));
  ~~~~~~~~~~~~~~~~~~~                           ^~~~~~~~~~~~~~~~
/usr/local/Cellar/ruby/2.7.2/include/ruby-2.7.0/ruby/ruby.h:1007:6: note: expanded from macro 'RSTRING_LEN'
     RSTRING_EMBED_LEN(str) : \
     ^~~~~~~~~~~~~~~~~~~~~~
/usr/local/Cellar/ruby/2.7.2/include/ruby-2.7.0/ruby/ruby.h:1003:6: note: expanded from macro 'RSTRING_EMBED_LEN'
     (long)((RBASIC(str)->flags >> RSTRING_EMBED_LEN_SHIFT) & \
     ^~~~~~~~~~~~~~~~~~~~~~~~~~~~~~~~~~~~~~~~~~~~~~~~~~~~~~~~~~
unicode.c:890:49: warning: implicit conversion loses integer precision: 'long' to 'int' [-Wshorten-64-to-32]
  WStr_allocWithUTF8L(&ustr1, RSTRING_PTR(str), RSTRING_LEN(str));
  ~~~~~~~~~~~~~~~~~~~                           ^~~~~~~~~~~~~~~~
/usr/local/Cellar/ruby/2.7.2/include/ruby-2.7.0/ruby/ruby.h:1008:28: note: expanded from macro 'RSTRING_LEN'
     RSTRING(str)->as.heap.len)
     ~~~~~~~~~~~~~~~~~~~~~~^~~
unicode.c:919:48: warning: implicit conversion loses integer precision: 'long' to 'int' [-Wshorten-64-to-32]
  WStr_allocWithUTF8L(&ustr, RSTRING_PTR(str), RSTRING_LEN(str));
  ~~~~~~~~~~~~~~~~~~~                          ^~~~~~~~~~~~~~~~
/usr/local/Cellar/ruby/2.7.2/include/ruby-2.7.0/ruby/ruby.h:1007:6: note: expanded from macro 'RSTRING_LEN'
     RSTRING_EMBED_LEN(str) : \
     ^~~~~~~~~~~~~~~~~~~~~~
/usr/local/Cellar/ruby/2.7.2/include/ruby-2.7.0/ruby/ruby.h:1003:6: note: expanded from macro 'RSTRING_EMBED_LEN'
     (long)((RBASIC(str)->flags >> RSTRING_EMBED_LEN_SHIFT) & \
     ^~~~~~~~~~~~~~~~~~~~~~~~~~~~~~~~~~~~~~~~~~~~~~~~~~~~~~~~~~
unicode.c:919:48: warning: implicit conversion loses integer precision: 'long' to 'int' [-Wshorten-64-to-32]
  WStr_allocWithUTF8L(&ustr, RSTRING_PTR(str), RSTRING_LEN(str));
  ~~~~~~~~~~~~~~~~~~~                          ^~~~~~~~~~~~~~~~
/usr/local/Cellar/ruby/2.7.2/include/ruby-2.7.0/ruby/ruby.h:1008:28: note: expanded from macro 'RSTRING_LEN'
     RSTRING(str)->as.heap.len)
     ~~~~~~~~~~~~~~~~~~~~~~^~~
unicode.c:945:48: warning: implicit conversion loses integer precision: 'long' to 'int' [-Wshorten-64-to-32]
  WStr_allocWithUTF8L(&ustr, RSTRING_PTR(str), RSTRING_LEN(str));
  ~~~~~~~~~~~~~~~~~~~                          ^~~~~~~~~~~~~~~~
/usr/local/Cellar/ruby/2.7.2/include/ruby-2.7.0/ruby/ruby.h:1007:6: note: expanded from macro 'RSTRING_LEN'
     RSTRING_EMBED_LEN(str) : \
     ^~~~~~~~~~~~~~~~~~~~~~
/usr/local/Cellar/ruby/2.7.2/include/ruby-2.7.0/ruby/ruby.h:1003:6: note: expanded from macro 'RSTRING_EMBED_LEN'
     (long)((RBASIC(str)->flags >> RSTRING_EMBED_LEN_SHIFT) & \
     ^~~~~~~~~~~~~~~~~~~~~~~~~~~~~~~~~~~~~~~~~~~~~~~~~~~~~~~~~~
unicode.c:945:48: warning: implicit conversion loses integer precision: 'long' to 'int' [-Wshorten-64-to-32]
  WStr_allocWithUTF8L(&ustr, RSTRING_PTR(str), RSTRING_LEN(str));
  ~~~~~~~~~~~~~~~~~~~                          ^~~~~~~~~~~~~~~~
/usr/local/Cellar/ruby/2.7.2/include/ruby-2.7.0/ruby/ruby.h:1008:28: note: expanded from macro 'RSTRING_LEN'
     RSTRING(str)->as.heap.len)
     ~~~~~~~~~~~~~~~~~~~~~~^~~
unicode.c:976:48: warning: implicit conversion loses integer precision: 'long' to 'int' [-Wshorten-64-to-32]
  WStr_allocWithUTF8L(&ustr, RSTRING_PTR(str), RSTRING_LEN(str));
  ~~~~~~~~~~~~~~~~~~~                          ^~~~~~~~~~~~~~~~
/usr/local/Cellar/ruby/2.7.2/include/ruby-2.7.0/ruby/ruby.h:1007:6: note: expanded from macro 'RSTRING_LEN'
     RSTRING_EMBED_LEN(str) : \
     ^~~~~~~~~~~~~~~~~~~~~~
/usr/local/Cellar/ruby/2.7.2/include/ruby-2.7.0/ruby/ruby.h:1003:6: note: expanded from macro 'RSTRING_EMBED_LEN'
     (long)((RBASIC(str)->flags >> RSTRING_EMBED_LEN_SHIFT) & \
     ^~~~~~~~~~~~~~~~~~~~~~~~~~~~~~~~~~~~~~~~~~~~~~~~~~~~~~~~~~
unicode.c:976:48: warning: implicit conversion loses integer precision: 'long' to 'int' [-Wshorten-64-to-32]
  WStr_allocWithUTF8L(&ustr, RSTRING_PTR(str), RSTRING_LEN(str));
  ~~~~~~~~~~~~~~~~~~~                          ^~~~~~~~~~~~~~~~
/usr/local/Cellar/ruby/2.7.2/include/ruby-2.7.0/ruby/ruby.h:1008:28: note: expanded from macro 'RSTRING_LEN'
     RSTRING(str)->as.heap.len)
     ~~~~~~~~~~~~~~~~~~~~~~^~~
unicode.c:1039:20: warning: incompatible pointer types passing 'VALUE (get_categories_param *)' (aka 'unsigned long (struct _get_categories_param *)') to parameter of type 'VALUE (*)(VALUE)' (aka 'unsigned long (*)(unsigned long)') [-Wincompatible-pointer-types]
  return rb_ensure(get_categories_internal, (VALUE)&param,
                   ^~~~~~~~~~~~~~~~~~~~~~~
/usr/local/Cellar/ruby/2.7.2/include/ruby-2.7.0/ruby/ruby.h:1990:24: note: passing argument to parameter here
VALUE rb_ensure(VALUE(*)(VALUE),VALUE,VALUE(*)(VALUE),VALUE);
                       ^
unicode.c:1040:20: warning: incompatible pointer types passing 'VALUE (WString *)' (aka 'unsigned long (struct _WString *)') to parameter of type 'VALUE (*)(VALUE)' (aka 'unsigned long (*)(unsigned long)') [-Wincompatible-pointer-types]
                   get_categories_ensure, (VALUE)&wstr);
                   ^~~~~~~~~~~~~~~~~~~~~
/usr/local/Cellar/ruby/2.7.2/include/ruby-2.7.0/ruby/ruby.h:1990:46: note: passing argument to parameter here
VALUE rb_ensure(VALUE(*)(VALUE),VALUE,VALUE(*)(VALUE),VALUE);
                                             ^
unicode.c:1037:48: warning: implicit conversion loses integer precision: 'long' to 'int' [-Wshorten-64-to-32]
  WStr_allocWithUTF8L(&wstr, RSTRING_PTR(str), RSTRING_LEN(str));
  ~~~~~~~~~~~~~~~~~~~                          ^~~~~~~~~~~~~~~~
/usr/local/Cellar/ruby/2.7.2/include/ruby-2.7.0/ruby/ruby.h:1007:6: note: expanded from macro 'RSTRING_LEN'
     RSTRING_EMBED_LEN(str) : \
     ^~~~~~~~~~~~~~~~~~~~~~
/usr/local/Cellar/ruby/2.7.2/include/ruby-2.7.0/ruby/ruby.h:1003:6: note: expanded from macro 'RSTRING_EMBED_LEN'
     (long)((RBASIC(str)->flags >> RSTRING_EMBED_LEN_SHIFT) & \
     ^~~~~~~~~~~~~~~~~~~~~~~~~~~~~~~~~~~~~~~~~~~~~~~~~~~~~~~~~~
unicode.c:1037:48: warning: implicit conversion loses integer precision: 'long' to 'int' [-Wshorten-64-to-32]
  WStr_allocWithUTF8L(&wstr, RSTRING_PTR(str), RSTRING_LEN(str));
  ~~~~~~~~~~~~~~~~~~~                          ^~~~~~~~~~~~~~~~
/usr/local/Cellar/ruby/2.7.2/include/ruby-2.7.0/ruby/ruby.h:1008:28: note: expanded from macro 'RSTRING_LEN'
     RSTRING(str)->as.heap.len)
     ~~~~~~~~~~~~~~~~~~~~~~^~~
unicode.c:1057:20: warning: incompatible pointer types passing 'VALUE (get_categories_param *)' (aka 'unsigned long (struct _get_categories_param *)') to parameter of type 'VALUE (*)(VALUE)' (aka 'unsigned long (*)(unsigned long)') [-Wincompatible-pointer-types]
  return rb_ensure(get_categories_internal, (VALUE)&param,
                   ^~~~~~~~~~~~~~~~~~~~~~~
/usr/local/Cellar/ruby/2.7.2/include/ruby-2.7.0/ruby/ruby.h:1990:24: note: passing argument to parameter here
VALUE rb_ensure(VALUE(*)(VALUE),VALUE,VALUE(*)(VALUE),VALUE);
                       ^
unicode.c:1058:20: warning: incompatible pointer types passing 'VALUE (WString *)' (aka 'unsigned long (struct _WString *)') to parameter of type 'VALUE (*)(VALUE)' (aka 'unsigned long (*)(unsigned long)') [-Wincompatible-pointer-types]
                   get_categories_ensure, (VALUE)&wstr);
                   ^~~~~~~~~~~~~~~~~~~~~
/usr/local/Cellar/ruby/2.7.2/include/ruby-2.7.0/ruby/ruby.h:1990:46: note: passing argument to parameter here
VALUE rb_ensure(VALUE(*)(VALUE),VALUE,VALUE(*)(VALUE),VALUE);
                                             ^
unicode.c:1055:48: warning: implicit conversion loses integer precision: 'long' to 'int' [-Wshorten-64-to-32]
  WStr_allocWithUTF8L(&wstr, RSTRING_PTR(str), RSTRING_LEN(str));
  ~~~~~~~~~~~~~~~~~~~                          ^~~~~~~~~~~~~~~~
/usr/local/Cellar/ruby/2.7.2/include/ruby-2.7.0/ruby/ruby.h:1007:6: note: expanded from macro 'RSTRING_LEN'
     RSTRING_EMBED_LEN(str) : \
     ^~~~~~~~~~~~~~~~~~~~~~
/usr/local/Cellar/ruby/2.7.2/include/ruby-2.7.0/ruby/ruby.h:1003:6: note: expanded from macro 'RSTRING_EMBED_LEN'
     (long)((RBASIC(str)->flags >> RSTRING_EMBED_LEN_SHIFT) & \
     ^~~~~~~~~~~~~~~~~~~~~~~~~~~~~~~~~~~~~~~~~~~~~~~~~~~~~~~~~~
unicode.c:1055:48: warning: implicit conversion loses integer precision: 'long' to 'int' [-Wshorten-64-to-32]
  WStr_allocWithUTF8L(&wstr, RSTRING_PTR(str), RSTRING_LEN(str));
  ~~~~~~~~~~~~~~~~~~~                          ^~~~~~~~~~~~~~~~
/usr/local/Cellar/ruby/2.7.2/include/ruby-2.7.0/ruby/ruby.h:1008:28: note: expanded from macro 'RSTRING_LEN'
     RSTRING(str)->as.heap.len)
     ~~~~~~~~~~~~~~~~~~~~~~^~~
unicode.c:1079:48: warning: implicit conversion loses integer precision: 'long' to 'int' [-Wshorten-64-to-32]
  WStr_allocWithUTF8L(&wstr, RSTRING_PTR(str), RSTRING_LEN(str));
  ~~~~~~~~~~~~~~~~~~~                          ^~~~~~~~~~~~~~~~
/usr/local/Cellar/ruby/2.7.2/include/ruby-2.7.0/ruby/ruby.h:1007:6: note: expanded from macro 'RSTRING_LEN'
     RSTRING_EMBED_LEN(str) : \
     ^~~~~~~~~~~~~~~~~~~~~~
/usr/local/Cellar/ruby/2.7.2/include/ruby-2.7.0/ruby/ruby.h:1003:6: note: expanded from macro 'RSTRING_EMBED_LEN'
     (long)((RBASIC(str)->flags >> RSTRING_EMBED_LEN_SHIFT) & \
     ^~~~~~~~~~~~~~~~~~~~~~~~~~~~~~~~~~~~~~~~~~~~~~~~~~~~~~~~~~
unicode.c:1079:48: warning: implicit conversion loses integer precision: 'long' to 'int' [-Wshorten-64-to-32]
  WStr_allocWithUTF8L(&wstr, RSTRING_PTR(str), RSTRING_LEN(str));
  ~~~~~~~~~~~~~~~~~~~                          ^~~~~~~~~~~~~~~~
/usr/local/Cellar/ruby/2.7.2/include/ruby-2.7.0/ruby/ruby.h:1008:28: note: expanded from macro 'RSTRING_LEN'
     RSTRING(str)->as.heap.len)
     ~~~~~~~~~~~~~~~~~~~~~~^~~
unicode.c:1227:20: warning: incompatible pointer types passing 'VALUE (get_text_elements_param *)' (aka 'unsigned long (struct _get_text_elements_param *)') to parameter of type 'VALUE (*)(VALUE)' (aka 'unsigned long (*)(unsigned long)') [-Wincompatible-pointer-types]
  return rb_ensure(get_text_elements_internal, (VALUE)&param,
                   ^~~~~~~~~~~~~~~~~~~~~~~~~~
/usr/local/Cellar/ruby/2.7.2/include/ruby-2.7.0/ruby/ruby.h:1990:24: note: passing argument to parameter here
VALUE rb_ensure(VALUE(*)(VALUE),VALUE,VALUE(*)(VALUE),VALUE);
                       ^
unicode.c:1228:20: warning: incompatible pointer types passing 'VALUE (WString *)' (aka 'unsigned long (struct _WString *)') to parameter of type 'VALUE (*)(VALUE)' (aka 'unsigned long (*)(unsigned long)') [-Wincompatible-pointer-types]
                   get_text_elements_ensure, (VALUE)&wstr);
                   ^~~~~~~~~~~~~~~~~~~~~~~~
/usr/local/Cellar/ruby/2.7.2/include/ruby-2.7.0/ruby/ruby.h:1990:46: note: passing argument to parameter here
VALUE rb_ensure(VALUE(*)(VALUE),VALUE,VALUE(*)(VALUE),VALUE);
                                             ^
unicode.c:1225:48: warning: implicit conversion loses integer precision: 'long' to 'int' [-Wshorten-64-to-32]
  WStr_allocWithUTF8L(&wstr, RSTRING_PTR(str), RSTRING_LEN(str));
  ~~~~~~~~~~~~~~~~~~~                          ^~~~~~~~~~~~~~~~
/usr/local/Cellar/ruby/2.7.2/include/ruby-2.7.0/ruby/ruby.h:1007:6: note: expanded from macro 'RSTRING_LEN'
     RSTRING_EMBED_LEN(str) : \
     ^~~~~~~~~~~~~~~~~~~~~~
/usr/local/Cellar/ruby/2.7.2/include/ruby-2.7.0/ruby/ruby.h:1003:6: note: expanded from macro 'RSTRING_EMBED_LEN'
     (long)((RBASIC(str)->flags >> RSTRING_EMBED_LEN_SHIFT) & \
     ^~~~~~~~~~~~~~~~~~~~~~~~~~~~~~~~~~~~~~~~~~~~~~~~~~~~~~~~~~
unicode.c:1225:48: warning: implicit conversion loses integer precision: 'long' to 'int' [-Wshorten-64-to-32]
  WStr_allocWithUTF8L(&wstr, RSTRING_PTR(str), RSTRING_LEN(str));
  ~~~~~~~~~~~~~~~~~~~                          ^~~~~~~~~~~~~~~~
/usr/local/Cellar/ruby/2.7.2/include/ruby-2.7.0/ruby/ruby.h:1008:28: note: expanded from macro 'RSTRING_LEN'
     RSTRING(str)->as.heap.len)
     ~~~~~~~~~~~~~~~~~~~~~~^~~
42 warnings generated.
compiling ustring.c
compiling wstring.c
linking shared-object unicode/unicode_native.bundle

current directory: /Users/ricardoialcala/Documents/Documents-ehecatl/git_db/ralcala.github.io/path/ruby/2.7.0/gems/unicode-0.4.4.4/ext/unicode
make "DESTDIR=" install
/usr/bin/install -c -m 0755 unicode_native.bundle ./.gem.20201201-2244-b4t6pf/unicode
