current directory: /Users/ricardoialcala/Documents/Documents-ehecatl/git_db/ralcala.github.io/th-openssl-dir=/usr/bin/openssl/gems/openssl-2.2.0/ext/openssl
/System/Library/Frameworks/Ruby.framework/Versions/2.6/usr/bin/ruby -I /System/Library/Frameworks/Ruby.framework/Versions/2.6/usr/lib/ruby/2.6.0 -r ./siteconf20200624-47408-n9ra5y.rb extconf.rb
checking for t_open() in -lnsl... no
checking for socket() in -lsocket... no
checking for openssl/ssl.h... no
*** extconf.rb failed ***
Could not create Makefile due to some reason, probably lack of necessary
libraries and/or headers.  Check the mkmf.log file for more details.  You may
need configuration options.

Provided configuration options:
	--with-opt-dir
	--without-opt-dir
	--with-opt-include
	--without-opt-include=${opt-dir}/include
	--with-opt-lib
	--without-opt-lib=${opt-dir}/lib
	--with-make-prog
	--without-make-prog
	--srcdir=.
	--curdir
	--ruby=/System/Library/Frameworks/Ruby.framework/Versions/2.6/usr/bin/$(RUBY_BASE_NAME)
	--with-openssl-dir
	--with-openssl-include
	--without-openssl-include=${openssl-dir}/include
	--with-openssl-lib
	--without-openssl-lib=${openssl-dir}/lib
	--with-kerberos-dir
	--without-kerberos-dir
	--with-kerberos-include
	--without-kerberos-include=${kerberos-dir}/include
	--with-kerberos-lib
	--without-kerberos-lib=${kerberos-dir}/lib
	--with-debug
	--without-debug
	--enable-debug
	--disable-debug
	--with-nsllib
	--without-nsllib
	--with-socketlib
	--without-socketlib
	--with-openssl-config
	--without-openssl-config
	--with-pkg-config
	--without-pkg-config
extconf.rb:99:in `<main>': OpenSSL library could not be found. You might want to use --with-openssl-dir=<dir> option to specify the prefix where OpenSSL is installed. (RuntimeError)

To see why this extension failed to compile, please check the mkmf.log which can be found here:

  /Users/ricardoialcala/Documents/Documents-ehecatl/git_db/ralcala.github.io/th-openssl-dir=/usr/bin/openssl/extensions/universal-darwin-19/2.6.0/openssl-2.2.0/mkmf.log

extconf failed, exit code 1
